{"C:\\Users\\resta\\OneDrive\\Documents\\Projects\\los-girasoles-project\\client\\src\\App.js": {"path":"C:\\Users\\resta\\OneDrive\\Documents\\Projects\\los-girasoles-project\\client\\src\\App.js","statementMap":{"0":{"start":{"line":13,"column":17},"end":{"line":13,"column":69}},"1":{"start":{"line":13,"column":28},"end":{"line":13,"column":68}},"2":{"start":{"line":14,"column":19},"end":{"line":14,"column":72}},"3":{"start":{"line":14,"column":30},"end":{"line":14,"column":71}},"4":{"start":{"line":15,"column":21},"end":{"line":15,"column":78}},"5":{"start":{"line":15,"column":32},"end":{"line":15,"column":77}},"6":{"start":{"line":16,"column":20},"end":{"line":16,"column":74}},"7":{"start":{"line":16,"column":31},"end":{"line":16,"column":73}},"8":{"start":{"line":17,"column":17},"end":{"line":17,"column":65}},"9":{"start":{"line":17,"column":28},"end":{"line":17,"column":64}},"10":{"start":{"line":18,"column":21},"end":{"line":18,"column":77}},"11":{"start":{"line":18,"column":32},"end":{"line":18,"column":76}},"12":{"start":{"line":19,"column":20},"end":{"line":19,"column":74}},"13":{"start":{"line":19,"column":31},"end":{"line":19,"column":73}},"14":{"start":{"line":20,"column":18},"end":{"line":20,"column":68}},"15":{"start":{"line":20,"column":29},"end":{"line":20,"column":67}},"16":{"start":{"line":21,"column":20},"end":{"line":21,"column":70}},"17":{"start":{"line":21,"column":31},"end":{"line":21,"column":69}},"18":{"start":{"line":25,"column":15},"end":{"line":25,"column":37}},"19":{"start":{"line":26,"column":19},"end":{"line":26,"column":37}},"20":{"start":{"line":32,"column":2},"end":{"line":57,"column":4}}},"fnMap":{"0":{"name":"(anonymous_0)","decl":{"start":{"line":13,"column":22},"end":{"line":13,"column":23}},"loc":{"start":{"line":13,"column":28},"end":{"line":13,"column":68}},"line":13},"1":{"name":"(anonymous_1)","decl":{"start":{"line":14,"column":24},"end":{"line":14,"column":25}},"loc":{"start":{"line":14,"column":30},"end":{"line":14,"column":71}},"line":14},"2":{"name":"(anonymous_2)","decl":{"start":{"line":15,"column":26},"end":{"line":15,"column":27}},"loc":{"start":{"line":15,"column":32},"end":{"line":15,"column":77}},"line":15},"3":{"name":"(anonymous_3)","decl":{"start":{"line":16,"column":25},"end":{"line":16,"column":26}},"loc":{"start":{"line":16,"column":31},"end":{"line":16,"column":73}},"line":16},"4":{"name":"(anonymous_4)","decl":{"start":{"line":17,"column":22},"end":{"line":17,"column":23}},"loc":{"start":{"line":17,"column":28},"end":{"line":17,"column":64}},"line":17},"5":{"name":"(anonymous_5)","decl":{"start":{"line":18,"column":26},"end":{"line":18,"column":27}},"loc":{"start":{"line":18,"column":32},"end":{"line":18,"column":76}},"line":18},"6":{"name":"(anonymous_6)","decl":{"start":{"line":19,"column":25},"end":{"line":19,"column":26}},"loc":{"start":{"line":19,"column":31},"end":{"line":19,"column":73}},"line":19},"7":{"name":"(anonymous_7)","decl":{"start":{"line":20,"column":23},"end":{"line":20,"column":24}},"loc":{"start":{"line":20,"column":29},"end":{"line":20,"column":67}},"line":20},"8":{"name":"(anonymous_8)","decl":{"start":{"line":21,"column":25},"end":{"line":21,"column":26}},"loc":{"start":{"line":21,"column":31},"end":{"line":21,"column":69}},"line":21},"9":{"name":"App","decl":{"start":{"line":23,"column":9},"end":{"line":23,"column":12}},"loc":{"start":{"line":23,"column":15},"end":{"line":58,"column":1}},"line":23}},"branchMap":{},"s":{"0":1,"1":0,"2":1,"3":0,"4":1,"5":0,"6":1,"7":0,"8":1,"9":0,"10":1,"11":0,"12":1,"13":0,"14":1,"15":0,"16":1,"17":0,"18":1,"19":1,"20":1},"f":{"0":0,"1":0,"2":0,"3":0,"4":0,"5":0,"6":0,"7":0,"8":0,"9":1},"b":{},"_coverageSchema":"1a1c01bbd47fc00a2c39e90264f33305004495a9","hash":"a07f0660b3b6cd7d1317da36b68cae583e633024"}
,"C:\\Users\\resta\\OneDrive\\Documents\\Projects\\los-girasoles-project\\client\\src\\persist.js": {"path":"C:\\Users\\resta\\OneDrive\\Documents\\Projects\\los-girasoles-project\\client\\src\\persist.js","statementMap":{"0":{"start":{"line":5,"column":30},"end":{"line":7,"column":5}},"1":{"start":{"line":6,"column":12},"end":{"line":6,"column":65}},"2":{"start":{"line":9,"column":4},"end":{"line":11,"column":21}},"3":{"start":{"line":10,"column":6},"end":{"line":10,"column":55}},"4":{"start":{"line":12,"column":4},"end":{"line":12,"column":29}}},"fnMap":{"0":{"name":"usePersistedState","decl":{"start":{"line":3,"column":9},"end":{"line":3,"column":26}},"loc":{"start":{"line":3,"column":46},"end":{"line":13,"column":3}},"line":3},"1":{"name":"(anonymous_1)","decl":{"start":{"line":6,"column":6},"end":{"line":6,"column":7}},"loc":{"start":{"line":6,"column":12},"end":{"line":6,"column":65}},"line":6},"2":{"name":"(anonymous_2)","decl":{"start":{"line":9,"column":14},"end":{"line":9,"column":15}},"loc":{"start":{"line":9,"column":20},"end":{"line":11,"column":5}},"line":9}},"branchMap":{"0":{"loc":{"start":{"line":6,"column":12},"end":{"line":6,"column":65}},"type":"binary-expr","locations":[{"start":{"line":6,"column":12},"end":{"line":6,"column":49}},{"start":{"line":6,"column":53},"end":{"line":6,"column":65}}],"line":6}},"s":{"0":0,"1":0,"2":0,"3":0,"4":0},"f":{"0":0,"1":0,"2":0},"b":{"0":[0,0]}}
,"C:\\Users\\resta\\OneDrive\\Documents\\Projects\\los-girasoles-project\\client\\src\\components\\admin\\admin.component.jsx": {"path":"C:\\Users\\resta\\OneDrive\\Documents\\Projects\\los-girasoles-project\\client\\src\\components\\admin\\admin.component.jsx","statementMap":{"0":{"start":{"line":4,"column":14},"end":{"line":21,"column":1}},"1":{"start":{"line":5,"column":4},"end":{"line":20,"column":5}}},"fnMap":{"0":{"name":"(anonymous_0)","decl":{"start":{"line":4,"column":14},"end":{"line":4,"column":15}},"loc":{"start":{"line":4,"column":20},"end":{"line":21,"column":1}},"line":4}},"branchMap":{},"s":{"0":1,"1":1},"f":{"0":1},"b":{},"_coverageSchema":"1a1c01bbd47fc00a2c39e90264f33305004495a9","hash":"1e1ceac661bb889938c86368c457e46f63a17fc5"}
,"C:\\Users\\resta\\OneDrive\\Documents\\Projects\\los-girasoles-project\\client\\src\\components\\card\\card.components.jsx": {"path":"C:\\Users\\resta\\OneDrive\\Documents\\Projects\\los-girasoles-project\\client\\src\\components\\card\\card.components.jsx","statementMap":{"0":{"start":{"line":7,"column":13},"end":{"line":20,"column":1}},"1":{"start":{"line":9,"column":39},"end":{"line":9,"column":46}},"2":{"start":{"line":11,"column":4},"end":{"line":19,"column":5}},"3":{"start":{"line":16,"column":52},"end":{"line":16,"column":140}},"4":{"start":{"line":17,"column":97},"end":{"line":17,"column":113}}},"fnMap":{"0":{"name":"(anonymous_0)","decl":{"start":{"line":7,"column":13},"end":{"line":7,"column":14}},"loc":{"start":{"line":7,"column":37},"end":{"line":20,"column":1}},"line":7},"1":{"name":"(anonymous_1)","decl":{"start":{"line":16,"column":38},"end":{"line":16,"column":39}},"loc":{"start":{"line":16,"column":52},"end":{"line":16,"column":140}},"line":16},"2":{"name":"(anonymous_2)","decl":{"start":{"line":17,"column":92},"end":{"line":17,"column":93}},"loc":{"start":{"line":17,"column":96},"end":{"line":17,"column":114}},"line":17}},"branchMap":{},"s":{"0":1,"1":2,"2":2,"3":4,"4":1},"f":{"0":2,"1":4,"2":1},"b":{},"_coverageSchema":"1a1c01bbd47fc00a2c39e90264f33305004495a9","hash":"853cec8352612c9eca2f6c3939ed101acc156bb4"}
,"C:\\Users\\resta\\OneDrive\\Documents\\Projects\\los-girasoles-project\\client\\src\\components\\cart\\cart.component.jsx": {"path":"C:\\Users\\resta\\OneDrive\\Documents\\Projects\\los-girasoles-project\\client\\src\\components\\cart\\cart.component.jsx","statementMap":{"0":{"start":{"line":10,"column":13},"end":{"line":44,"column":1}},"1":{"start":{"line":12,"column":58},"end":{"line":12,"column":81}},"2":{"start":{"line":13,"column":38},"end":{"line":13,"column":53}},"3":{"start":{"line":15,"column":4},"end":{"line":18,"column":18}},"4":{"start":{"line":16,"column":8},"end":{"line":16,"column":71}},"5":{"start":{"line":20,"column":4},"end":{"line":43,"column":5}},"6":{"start":{"line":29,"column":20},"end":{"line":29,"column":103}}},"fnMap":{"0":{"name":"(anonymous_0)","decl":{"start":{"line":10,"column":13},"end":{"line":10,"column":14}},"loc":{"start":{"line":10,"column":19},"end":{"line":44,"column":1}},"line":10},"1":{"name":"(anonymous_1)","decl":{"start":{"line":15,"column":14},"end":{"line":15,"column":15}},"loc":{"start":{"line":15,"column":20},"end":{"line":18,"column":5}},"line":15},"2":{"name":"(anonymous_2)","decl":{"start":{"line":28,"column":31},"end":{"line":28,"column":32}},"loc":{"start":{"line":29,"column":20},"end":{"line":29,"column":103}},"line":29}},"branchMap":{"0":{"loc":{"start":{"line":16,"column":8},"end":{"line":16,"column":71}},"type":"cond-expr","locations":[{"start":{"line":16,"column":33},"end":{"line":16,"column":50}},{"start":{"line":16,"column":53},"end":{"line":16,"column":71}}],"line":16}},"s":{"0":0,"1":0,"2":0,"3":0,"4":0,"5":0,"6":0},"f":{"0":0,"1":0,"2":0},"b":{"0":[0,0]}}
,"C:\\Users\\resta\\OneDrive\\Documents\\Projects\\los-girasoles-project\\client\\src\\components\\checkout\\checkout.component.jsx": {"path":"C:\\Users\\resta\\OneDrive\\Documents\\Projects\\los-girasoles-project\\client\\src\\components\\checkout\\checkout.component.jsx","statementMap":{"0":{"start":{"line":10,"column":17},"end":{"line":214,"column":1}},"1":{"start":{"line":12,"column":34},"end":{"line":12,"column":49}},"2":{"start":{"line":13,"column":38},"end":{"line":13,"column":53}},"3":{"start":{"line":14,"column":20},"end":{"line":14,"column":43}},"4":{"start":{"line":15,"column":20},"end":{"line":15,"column":43}},"5":{"start":{"line":17,"column":4},"end":{"line":20,"column":26}},"6":{"start":{"line":18,"column":8},"end":{"line":18,"column":79}},"7":{"start":{"line":23,"column":50},"end":{"line":31,"column":6}},"8":{"start":{"line":33,"column":42},"end":{"line":33,"column":64}},"9":{"start":{"line":44,"column":8},"end":{"line":44,"column":23}},"10":{"start":{"line":46,"column":25},"end":{"line":49,"column":7}},"11":{"start":{"line":47,"column":32},"end":{"line":47,"column":44}},"12":{"start":{"line":48,"column":8},"end":{"line":48,"column":66}},"13":{"start":{"line":51,"column":21},"end":{"line":63,"column":5}},"14":{"start":{"line":52,"column":8},"end":{"line":62,"column":40}},"15":{"start":{"line":61,"column":28},"end":{"line":61,"column":43}},"16":{"start":{"line":62,"column":23},"end":{"line":62,"column":39}},"17":{"start":{"line":65,"column":27},"end":{"line":96,"column":5}},"18":{"start":{"line":66,"column":8},"end":{"line":66,"column":27}},"19":{"start":{"line":68,"column":8},"end":{"line":94,"column":89}},"20":{"start":{"line":83,"column":33},"end":{"line":83,"column":48}},"21":{"start":{"line":85,"column":16},"end":{"line":92,"column":18}},"22":{"start":{"line":86,"column":20},"end":{"line":86,"column":76}},"23":{"start":{"line":87,"column":20},"end":{"line":87,"column":58}},"24":{"start":{"line":88,"column":20},"end":{"line":88,"column":40}},"25":{"start":{"line":89,"column":20},"end":{"line":89,"column":35}},"26":{"start":{"line":91,"column":20},"end":{"line":91,"column":54}},"27":{"start":{"line":94,"column":29},"end":{"line":94,"column":88}},"28":{"start":{"line":98,"column":4},"end":{"line":213,"column":5}},"29":{"start":{"line":107,"column":28},"end":{"line":107,"column":127}}},"fnMap":{"0":{"name":"(anonymous_0)","decl":{"start":{"line":10,"column":17},"end":{"line":10,"column":18}},"loc":{"start":{"line":10,"column":23},"end":{"line":214,"column":1}},"line":10},"1":{"name":"(anonymous_1)","decl":{"start":{"line":17,"column":14},"end":{"line":17,"column":15}},"loc":{"start":{"line":17,"column":20},"end":{"line":20,"column":5}},"line":17},"2":{"name":"(anonymous_2)","decl":{"start":{"line":46,"column":25},"end":{"line":46,"column":26}},"loc":{"start":{"line":46,"column":34},"end":{"line":49,"column":7}},"line":46},"3":{"name":"(anonymous_3)","decl":{"start":{"line":51,"column":21},"end":{"line":51,"column":22}},"loc":{"start":{"line":51,"column":46},"end":{"line":63,"column":5}},"line":51},"4":{"name":"(anonymous_4)","decl":{"start":{"line":61,"column":14},"end":{"line":61,"column":15}},"loc":{"start":{"line":61,"column":28},"end":{"line":61,"column":43}},"line":61},"5":{"name":"(anonymous_5)","decl":{"start":{"line":62,"column":14},"end":{"line":62,"column":15}},"loc":{"start":{"line":62,"column":23},"end":{"line":62,"column":39}},"line":62},"6":{"name":"(anonymous_6)","decl":{"start":{"line":65,"column":27},"end":{"line":65,"column":28}},"loc":{"start":{"line":65,"column":34},"end":{"line":96,"column":5}},"line":65},"7":{"name":"(anonymous_7)","decl":{"start":{"line":83,"column":19},"end":{"line":83,"column":20}},"loc":{"start":{"line":83,"column":33},"end":{"line":83,"column":48}},"line":83},"8":{"name":"(anonymous_8)","decl":{"start":{"line":84,"column":19},"end":{"line":84,"column":20}},"loc":{"start":{"line":84,"column":28},"end":{"line":92,"column":19}},"line":84},"9":{"name":"(anonymous_9)","decl":{"start":{"line":94,"column":20},"end":{"line":94,"column":21}},"loc":{"start":{"line":94,"column":29},"end":{"line":94,"column":88}},"line":94},"10":{"name":"(anonymous_10)","decl":{"start":{"line":106,"column":47},"end":{"line":106,"column":48}},"loc":{"start":{"line":107,"column":28},"end":{"line":107,"column":127}},"line":107}},"branchMap":{"0":{"loc":{"start":{"line":18,"column":8},"end":{"line":18,"column":79}},"type":"cond-expr","locations":[{"start":{"line":18,"column":41},"end":{"line":18,"column":58}},{"start":{"line":18,"column":61},"end":{"line":18,"column":79}}],"line":18},"1":{"loc":{"start":{"line":85,"column":16},"end":{"line":92,"column":18}},"type":"if","locations":[{"start":{"line":85,"column":16},"end":{"line":92,"column":18}},{"start":{"line":85,"column":16},"end":{"line":92,"column":18}}],"line":85},"2":{"loc":{"start":{"line":101,"column":14},"end":{"line":203,"column":18}},"type":"cond-expr","locations":[{"start":{"line":101,"column":23},"end":{"line":101,"column":27}},{"start":{"line":102,"column":12},"end":{"line":203,"column":18}}],"line":101},"3":{"loc":{"start":{"line":205,"column":25},"end":{"line":209,"column":122}},"type":"cond-expr","locations":[{"start":{"line":206,"column":28},"end":{"line":209,"column":34}},{"start":{"line":209,"column":37},"end":{"line":209,"column":122}}],"line":205},"4":{"loc":{"start":{"line":209,"column":37},"end":{"line":209,"column":122}},"type":"cond-expr","locations":[{"start":{"line":209,"column":71},"end":{"line":209,"column":115}},{"start":{"line":209,"column":118},"end":{"line":209,"column":122}}],"line":209}},"s":{"0":0,"1":0,"2":0,"3":0,"4":0,"5":0,"6":0,"7":0,"8":0,"9":0,"10":0,"11":0,"12":0,"13":0,"14":0,"15":0,"16":0,"17":0,"18":0,"19":0,"20":0,"21":0,"22":0,"23":0,"24":0,"25":0,"26":0,"27":0,"28":0,"29":0},"f":{"0":0,"1":0,"2":0,"3":0,"4":0,"5":0,"6":0,"7":0,"8":0,"9":0,"10":0},"b":{"0":[0,0],"1":[0,0],"2":[0,0],"3":[0,0],"4":[0,0]}}
,"C:\\Users\\resta\\OneDrive\\Documents\\Projects\\los-girasoles-project\\client\\src\\components\\contact\\contact.component.jsx": {"path":"C:\\Users\\resta\\OneDrive\\Documents\\Projects\\los-girasoles-project\\client\\src\\components\\contact\\contact.component.jsx","statementMap":{"0":{"start":{"line":6,"column":16},"end":{"line":135,"column":1}},"1":{"start":{"line":8,"column":20},"end":{"line":8,"column":43}},"2":{"start":{"line":10,"column":36},"end":{"line":17,"column":6}},"3":{"start":{"line":19,"column":30},"end":{"line":19,"column":44}},"4":{"start":{"line":20,"column":34},"end":{"line":20,"column":48}},"5":{"start":{"line":28,"column":8},"end":{"line":28,"column":16}},"6":{"start":{"line":30,"column":25},"end":{"line":33,"column":7}},"7":{"start":{"line":31,"column":32},"end":{"line":31,"column":44}},"8":{"start":{"line":32,"column":8},"end":{"line":32,"column":52}},"9":{"start":{"line":35,"column":22},"end":{"line":43,"column":5}},"10":{"start":{"line":36,"column":8},"end":{"line":42,"column":10}},"11":{"start":{"line":45,"column":25},"end":{"line":64,"column":5}},"12":{"start":{"line":46,"column":8},"end":{"line":46,"column":31}},"13":{"start":{"line":47,"column":8},"end":{"line":62,"column":57}},"14":{"start":{"line":58,"column":28},"end":{"line":58,"column":43}},"15":{"start":{"line":60,"column":10},"end":{"line":60,"column":33}},"16":{"start":{"line":62,"column":42},"end":{"line":62,"column":55}},"17":{"start":{"line":66,"column":4},"end":{"line":134,"column":5}}},"fnMap":{"0":{"name":"(anonymous_0)","decl":{"start":{"line":6,"column":16},"end":{"line":6,"column":17}},"loc":{"start":{"line":6,"column":22},"end":{"line":135,"column":1}},"line":6},"1":{"name":"(anonymous_1)","decl":{"start":{"line":30,"column":25},"end":{"line":30,"column":26}},"loc":{"start":{"line":30,"column":34},"end":{"line":33,"column":7}},"line":30},"2":{"name":"(anonymous_2)","decl":{"start":{"line":35,"column":22},"end":{"line":35,"column":23}},"loc":{"start":{"line":35,"column":28},"end":{"line":43,"column":5}},"line":35},"3":{"name":"(anonymous_3)","decl":{"start":{"line":45,"column":25},"end":{"line":45,"column":26}},"loc":{"start":{"line":45,"column":34},"end":{"line":64,"column":5}},"line":45},"4":{"name":"(anonymous_4)","decl":{"start":{"line":58,"column":14},"end":{"line":58,"column":15}},"loc":{"start":{"line":58,"column":28},"end":{"line":58,"column":43}},"line":58},"5":{"name":"(anonymous_5)","decl":{"start":{"line":59,"column":14},"end":{"line":59,"column":15}},"loc":{"start":{"line":59,"column":23},"end":{"line":61,"column":11}},"line":59},"6":{"name":"(anonymous_6)","decl":{"start":{"line":62,"column":34},"end":{"line":62,"column":35}},"loc":{"start":{"line":62,"column":41},"end":{"line":62,"column":56}},"line":62}},"branchMap":{"0":{"loc":{"start":{"line":11,"column":20},"end":{"line":11,"column":53}},"type":"cond-expr","locations":[{"start":{"line":11,"column":30},"end":{"line":11,"column":48}},{"start":{"line":11,"column":51},"end":{"line":11,"column":53}}],"line":11},"1":{"loc":{"start":{"line":12,"column":19},"end":{"line":12,"column":51}},"type":"cond-expr","locations":[{"start":{"line":12,"column":29},"end":{"line":12,"column":46}},{"start":{"line":12,"column":49},"end":{"line":12,"column":51}}],"line":12},"2":{"loc":{"start":{"line":13,"column":15},"end":{"line":13,"column":43}},"type":"cond-expr","locations":[{"start":{"line":13,"column":25},"end":{"line":13,"column":38}},{"start":{"line":13,"column":41},"end":{"line":13,"column":43}}],"line":13},"3":{"loc":{"start":{"line":14,"column":15},"end":{"line":14,"column":43}},"type":"cond-expr","locations":[{"start":{"line":14,"column":25},"end":{"line":14,"column":38}},{"start":{"line":14,"column":41},"end":{"line":14,"column":43}}],"line":14},"4":{"loc":{"start":{"line":37,"column":24},"end":{"line":37,"column":57}},"type":"cond-expr","locations":[{"start":{"line":37,"column":34},"end":{"line":37,"column":52}},{"start":{"line":37,"column":55},"end":{"line":37,"column":57}}],"line":37},"5":{"loc":{"start":{"line":38,"column":23},"end":{"line":38,"column":55}},"type":"cond-expr","locations":[{"start":{"line":38,"column":33},"end":{"line":38,"column":50}},{"start":{"line":38,"column":53},"end":{"line":38,"column":55}}],"line":38},"6":{"loc":{"start":{"line":39,"column":19},"end":{"line":39,"column":47}},"type":"cond-expr","locations":[{"start":{"line":39,"column":29},"end":{"line":39,"column":42}},{"start":{"line":39,"column":45},"end":{"line":39,"column":47}}],"line":39},"7":{"loc":{"start":{"line":40,"column":19},"end":{"line":40,"column":47}},"type":"cond-expr","locations":[{"start":{"line":40,"column":29},"end":{"line":40,"column":42}},{"start":{"line":40,"column":45},"end":{"line":40,"column":47}}],"line":40},"8":{"loc":{"start":{"line":71,"column":14},"end":{"line":71,"column":82}},"type":"cond-expr","locations":[{"start":{"line":71,"column":22},"end":{"line":71,"column":75}},{"start":{"line":71,"column":78},"end":{"line":71,"column":82}}],"line":71},"9":{"loc":{"start":{"line":72,"column":14},"end":{"line":72,"column":79}},"type":"cond-expr","locations":[{"start":{"line":72,"column":24},"end":{"line":72,"column":72}},{"start":{"line":72,"column":75},"end":{"line":72,"column":79}}],"line":72}},"s":{"0":0,"1":0,"2":0,"3":0,"4":0,"5":0,"6":0,"7":0,"8":0,"9":0,"10":0,"11":0,"12":0,"13":0,"14":0,"15":0,"16":0,"17":0},"f":{"0":0,"1":0,"2":0,"3":0,"4":0,"5":0,"6":0},"b":{"0":[0,0],"1":[0,0],"2":[0,0],"3":[0,0],"4":[0,0],"5":[0,0],"6":[0,0],"7":[0,0],"8":[0,0],"9":[0,0]}}
,"C:\\Users\\resta\\OneDrive\\Documents\\Projects\\los-girasoles-project\\client\\src\\components\\footer\\footer.components.jsx": {"path":"C:\\Users\\resta\\OneDrive\\Documents\\Projects\\los-girasoles-project\\client\\src\\components\\footer\\footer.components.jsx","statementMap":{"0":{"start":{"line":5,"column":15},"end":{"line":25,"column":1}},"1":{"start":{"line":6,"column":4},"end":{"line":24,"column":5}}},"fnMap":{"0":{"name":"(anonymous_0)","decl":{"start":{"line":5,"column":15},"end":{"line":5,"column":16}},"loc":{"start":{"line":5,"column":21},"end":{"line":25,"column":1}},"line":5}},"branchMap":{},"s":{"0":1,"1":0},"f":{"0":0},"b":{},"_coverageSchema":"1a1c01bbd47fc00a2c39e90264f33305004495a9","hash":"90c1896a7cd09c4822ec5e4b4d42d593c5d846e0"}
,"C:\\Users\\resta\\OneDrive\\Documents\\Projects\\los-girasoles-project\\client\\src\\components\\header\\header.component.jsx": {"path":"C:\\Users\\resta\\OneDrive\\Documents\\Projects\\los-girasoles-project\\client\\src\\components\\header\\header.component.jsx","statementMap":{"0":{"start":{"line":10,"column":15},"end":{"line":68,"column":5}},"1":{"start":{"line":12,"column":32},"end":{"line":12,"column":46}},"2":{"start":{"line":14,"column":20},"end":{"line":14,"column":43}},"3":{"start":{"line":15,"column":20},"end":{"line":15,"column":43}},"4":{"start":{"line":17,"column":17},"end":{"line":19,"column":5}},"5":{"start":{"line":18,"column":8},"end":{"line":18,"column":26}},"6":{"start":{"line":21,"column":25},"end":{"line":25,"column":5}},"7":{"start":{"line":22,"column":8},"end":{"line":22,"column":15}},"8":{"start":{"line":23,"column":8},"end":{"line":23,"column":29}},"9":{"start":{"line":24,"column":8},"end":{"line":24,"column":28}},"10":{"start":{"line":28,"column":5},"end":{"line":67,"column":9}},"11":{"start":{"line":60,"column":66},"end":{"line":60,"column":87}},"12":{"start":{"line":60,"column":88},"end":{"line":60,"column":107}}},"fnMap":{"0":{"name":"(anonymous_0)","decl":{"start":{"line":10,"column":15},"end":{"line":10,"column":16}},"loc":{"start":{"line":10,"column":21},"end":{"line":68,"column":5}},"line":10},"1":{"name":"(anonymous_1)","decl":{"start":{"line":17,"column":17},"end":{"line":17,"column":18}},"loc":{"start":{"line":17,"column":23},"end":{"line":19,"column":5}},"line":17},"2":{"name":"(anonymous_2)","decl":{"start":{"line":21,"column":25},"end":{"line":21,"column":26}},"loc":{"start":{"line":21,"column":31},"end":{"line":25,"column":5}},"line":21},"3":{"name":"(anonymous_3)","decl":{"start":{"line":60,"column":59},"end":{"line":60,"column":60}},"loc":{"start":{"line":60,"column":65},"end":{"line":60,"column":108}},"line":60}},"branchMap":{"0":{"loc":{"start":{"line":34,"column":14},"end":{"line":49,"column":18}},"type":"cond-expr","locations":[{"start":{"line":34,"column":23},"end":{"line":34,"column":27}},{"start":{"line":35,"column":12},"end":{"line":49,"column":18}}],"line":34},"1":{"loc":{"start":{"line":41,"column":22},"end":{"line":47,"column":98}},"type":"cond-expr","locations":[{"start":{"line":42,"column":20},"end":{"line":45,"column":37}},{"start":{"line":47,"column":20},"end":{"line":47,"column":98}}],"line":41},"2":{"loc":{"start":{"line":52,"column":18},"end":{"line":52,"column":99}},"type":"cond-expr","locations":[{"start":{"line":52,"column":31},"end":{"line":52,"column":92}},{"start":{"line":52,"column":95},"end":{"line":52,"column":99}}],"line":52},"3":{"loc":{"start":{"line":56,"column":113},"end":{"line":56,"column":209}},"type":"cond-expr","locations":[{"start":{"line":56,"column":142},"end":{"line":56,"column":202}},{"start":{"line":56,"column":205},"end":{"line":56,"column":209}}],"line":56},"4":{"loc":{"start":{"line":57,"column":18},"end":{"line":63,"column":124}},"type":"cond-expr","locations":[{"start":{"line":58,"column":20},"end":{"line":61,"column":37}},{"start":{"line":63,"column":20},"end":{"line":63,"column":124}}],"line":57}},"s":{"0":1,"1":0,"2":0,"3":0,"4":0,"5":0,"6":0,"7":0,"8":0,"9":0,"10":0,"11":0,"12":0},"f":{"0":0,"1":0,"2":0,"3":0},"b":{"0":[0,0],"1":[0,0],"2":[0,0],"3":[0,0],"4":[0,0]},"_coverageSchema":"1a1c01bbd47fc00a2c39e90264f33305004495a9","hash":"0df01eabb2752df438a543464535e5d909ed149e"}
,"C:\\Users\\resta\\OneDrive\\Documents\\Projects\\los-girasoles-project\\client\\src\\components\\products\\products.components.jsx": {"path":"C:\\Users\\resta\\OneDrive\\Documents\\Projects\\los-girasoles-project\\client\\src\\components\\products\\products.components.jsx","statementMap":{"0":{"start":{"line":12,"column":17},"end":{"line":83,"column":1}},"1":{"start":{"line":14,"column":2},"end":{"line":21,"column":7}},"2":{"start":{"line":15,"column":4},"end":{"line":15,"column":17}},"3":{"start":{"line":16,"column":4},"end":{"line":16,"column":20}},"4":{"start":{"line":17,"column":4},"end":{"line":17,"column":18}},"5":{"start":{"line":18,"column":4},"end":{"line":20,"column":7}},"6":{"start":{"line":23,"column":40},"end":{"line":23,"column":52}},"7":{"start":{"line":24,"column":34},"end":{"line":24,"column":46}},"8":{"start":{"line":25,"column":29},"end":{"line":25,"column":43}},"9":{"start":{"line":27,"column":25},"end":{"line":35,"column":3}},"10":{"start":{"line":28,"column":4},"end":{"line":34,"column":32}},"11":{"start":{"line":32,"column":22},"end":{"line":32,"column":37}},"12":{"start":{"line":33,"column":18},"end":{"line":33,"column":72}},"13":{"start":{"line":34,"column":18},"end":{"line":34,"column":31}},"14":{"start":{"line":37,"column":22},"end":{"line":45,"column":3}},"15":{"start":{"line":38,"column":4},"end":{"line":44,"column":32}},"16":{"start":{"line":42,"column":22},"end":{"line":42,"column":37}},"17":{"start":{"line":43,"column":18},"end":{"line":43,"column":69}},"18":{"start":{"line":44,"column":18},"end":{"line":44,"column":31}},"19":{"start":{"line":47,"column":18},"end":{"line":47,"column":41}},"20":{"start":{"line":49,"column":4},"end":{"line":82,"column":5}},"21":{"start":{"line":56,"column":44},"end":{"line":56,"column":122}},"22":{"start":{"line":62,"column":58},"end":{"line":62,"column":137}}},"fnMap":{"0":{"name":"(anonymous_0)","decl":{"start":{"line":12,"column":17},"end":{"line":12,"column":18}},"loc":{"start":{"line":12,"column":23},"end":{"line":83,"column":1}},"line":12},"1":{"name":"(anonymous_1)","decl":{"start":{"line":14,"column":12},"end":{"line":14,"column":13}},"loc":{"start":{"line":14,"column":18},"end":{"line":21,"column":3}},"line":14},"2":{"name":"(anonymous_2)","decl":{"start":{"line":27,"column":25},"end":{"line":27,"column":26}},"loc":{"start":{"line":27,"column":31},"end":{"line":35,"column":3}},"line":27},"3":{"name":"(anonymous_3)","decl":{"start":{"line":32,"column":8},"end":{"line":32,"column":9}},"loc":{"start":{"line":32,"column":22},"end":{"line":32,"column":37}},"line":32},"4":{"name":"(anonymous_4)","decl":{"start":{"line":33,"column":8},"end":{"line":33,"column":9}},"loc":{"start":{"line":33,"column":18},"end":{"line":33,"column":72}},"line":33},"5":{"name":"(anonymous_5)","decl":{"start":{"line":34,"column":9},"end":{"line":34,"column":10}},"loc":{"start":{"line":34,"column":18},"end":{"line":34,"column":31}},"line":34},"6":{"name":"(anonymous_6)","decl":{"start":{"line":37,"column":22},"end":{"line":37,"column":23}},"loc":{"start":{"line":37,"column":28},"end":{"line":45,"column":3}},"line":37},"7":{"name":"(anonymous_7)","decl":{"start":{"line":42,"column":8},"end":{"line":42,"column":9}},"loc":{"start":{"line":42,"column":22},"end":{"line":42,"column":37}},"line":42},"8":{"name":"(anonymous_8)","decl":{"start":{"line":43,"column":8},"end":{"line":43,"column":9}},"loc":{"start":{"line":43,"column":18},"end":{"line":43,"column":69}},"line":43},"9":{"name":"(anonymous_9)","decl":{"start":{"line":44,"column":9},"end":{"line":44,"column":10}},"loc":{"start":{"line":44,"column":18},"end":{"line":44,"column":31}},"line":44},"10":{"name":"(anonymous_10)","decl":{"start":{"line":56,"column":30},"end":{"line":56,"column":31}},"loc":{"start":{"line":56,"column":43},"end":{"line":56,"column":123}},"line":56},"11":{"name":"(anonymous_11)","decl":{"start":{"line":62,"column":42},"end":{"line":62,"column":43}},"loc":{"start":{"line":62,"column":58},"end":{"line":62,"column":137}},"line":62}},"branchMap":{"0":{"loc":{"start":{"line":33,"column":18},"end":{"line":33,"column":72}},"type":"cond-expr","locations":[{"start":{"line":33,"column":31},"end":{"line":33,"column":50}},{"start":{"line":33,"column":53},"end":{"line":33,"column":72}}],"line":33},"1":{"loc":{"start":{"line":43,"column":18},"end":{"line":43,"column":69}},"type":"cond-expr","locations":[{"start":{"line":43,"column":31},"end":{"line":43,"column":47}},{"start":{"line":43,"column":50},"end":{"line":43,"column":69}}],"line":43},"2":{"loc":{"start":{"line":62,"column":17},"end":{"line":63,"column":98}},"type":"cond-expr","locations":[{"start":{"line":62,"column":26},"end":{"line":62,"column":139}},{"start":{"line":63,"column":18},"end":{"line":63,"column":98}}],"line":62}},"s":{"0":0,"1":0,"2":0,"3":0,"4":0,"5":0,"6":0,"7":0,"8":0,"9":0,"10":0,"11":0,"12":0,"13":0,"14":0,"15":0,"16":0,"17":0,"18":0,"19":0,"20":0,"21":0,"22":0},"f":{"0":0,"1":0,"2":0,"3":0,"4":0,"5":0,"6":0,"7":0,"8":0,"9":0,"10":0,"11":0},"b":{"0":[0,0],"1":[0,0],"2":[0,0]}}
,"C:\\Users\\resta\\OneDrive\\Documents\\Projects\\los-girasoles-project\\client\\src\\components\\profile\\profile.component.jsx": {"path":"C:\\Users\\resta\\OneDrive\\Documents\\Projects\\los-girasoles-project\\client\\src\\components\\profile\\profile.component.jsx","statementMap":{"0":{"start":{"line":6,"column":16},"end":{"line":191,"column":1}},"1":{"start":{"line":8,"column":20},"end":{"line":8,"column":43}},"2":{"start":{"line":10,"column":50},"end":{"line":18,"column":6}},"3":{"start":{"line":20,"column":30},"end":{"line":20,"column":44}},"4":{"start":{"line":21,"column":46},"end":{"line":21,"column":60}},"5":{"start":{"line":22,"column":40},"end":{"line":22,"column":54}},"6":{"start":{"line":24,"column":4},"end":{"line":37,"column":19}},"7":{"start":{"line":25,"column":30},"end":{"line":33,"column":9}},"8":{"start":{"line":26,"column":12},"end":{"line":32,"column":44}},"9":{"start":{"line":30,"column":32},"end":{"line":30,"column":47}},"10":{"start":{"line":31,"column":33},"end":{"line":31,"column":100}},"11":{"start":{"line":32,"column":27},"end":{"line":32,"column":43}},"12":{"start":{"line":34,"column":8},"end":{"line":36,"column":9}},"13":{"start":{"line":35,"column":12},"end":{"line":35,"column":27}},"14":{"start":{"line":47,"column":8},"end":{"line":47,"column":23}},"15":{"start":{"line":49,"column":25},"end":{"line":52,"column":7}},"16":{"start":{"line":50,"column":32},"end":{"line":50,"column":44}},"17":{"start":{"line":51,"column":8},"end":{"line":51,"column":66}},"18":{"start":{"line":54,"column":25},"end":{"line":78,"column":5}},"19":{"start":{"line":55,"column":8},"end":{"line":55,"column":31}},"20":{"start":{"line":57,"column":12},"end":{"line":77,"column":84}},"21":{"start":{"line":70,"column":32},"end":{"line":70,"column":47}},"22":{"start":{"line":71,"column":28},"end":{"line":76,"column":17}},"23":{"start":{"line":72,"column":16},"end":{"line":72,"column":43}},"24":{"start":{"line":73,"column":16},"end":{"line":73,"column":41}},"25":{"start":{"line":75,"column":20},"end":{"line":75,"column":57}},"26":{"start":{"line":77,"column":28},"end":{"line":77,"column":83}},"27":{"start":{"line":82,"column":4},"end":{"line":190,"column":5}},"28":{"start":{"line":177,"column":16},"end":{"line":184,"column":30}}},"fnMap":{"0":{"name":"(anonymous_0)","decl":{"start":{"line":6,"column":16},"end":{"line":6,"column":17}},"loc":{"start":{"line":6,"column":22},"end":{"line":191,"column":1}},"line":6},"1":{"name":"(anonymous_1)","decl":{"start":{"line":24,"column":14},"end":{"line":24,"column":15}},"loc":{"start":{"line":24,"column":19},"end":{"line":37,"column":5}},"line":24},"2":{"name":"(anonymous_2)","decl":{"start":{"line":25,"column":30},"end":{"line":25,"column":31}},"loc":{"start":{"line":25,"column":36},"end":{"line":33,"column":9}},"line":25},"3":{"name":"(anonymous_3)","decl":{"start":{"line":30,"column":18},"end":{"line":30,"column":19}},"loc":{"start":{"line":30,"column":32},"end":{"line":30,"column":47}},"line":30},"4":{"name":"(anonymous_4)","decl":{"start":{"line":31,"column":18},"end":{"line":31,"column":19}},"loc":{"start":{"line":31,"column":33},"end":{"line":31,"column":100}},"line":31},"5":{"name":"(anonymous_5)","decl":{"start":{"line":32,"column":19},"end":{"line":32,"column":20}},"loc":{"start":{"line":32,"column":27},"end":{"line":32,"column":43}},"line":32},"6":{"name":"(anonymous_6)","decl":{"start":{"line":49,"column":25},"end":{"line":49,"column":26}},"loc":{"start":{"line":49,"column":34},"end":{"line":52,"column":7}},"line":49},"7":{"name":"(anonymous_7)","decl":{"start":{"line":54,"column":25},"end":{"line":54,"column":26}},"loc":{"start":{"line":54,"column":40},"end":{"line":78,"column":5}},"line":54},"8":{"name":"(anonymous_8)","decl":{"start":{"line":70,"column":18},"end":{"line":70,"column":19}},"loc":{"start":{"line":70,"column":32},"end":{"line":70,"column":47}},"line":70},"9":{"name":"(anonymous_9)","decl":{"start":{"line":71,"column":18},"end":{"line":71,"column":19}},"loc":{"start":{"line":71,"column":27},"end":{"line":76,"column":18}},"line":71},"10":{"name":"(anonymous_10)","decl":{"start":{"line":77,"column":19},"end":{"line":77,"column":20}},"loc":{"start":{"line":77,"column":28},"end":{"line":77,"column":83}},"line":77},"11":{"name":"(anonymous_11)","decl":{"start":{"line":176,"column":55},"end":{"line":176,"column":56}},"loc":{"start":{"line":176,"column":112},"end":{"line":186,"column":17}},"line":176}},"branchMap":{"0":{"loc":{"start":{"line":31,"column":33},"end":{"line":31,"column":100}},"type":"cond-expr","locations":[{"start":{"line":31,"column":53},"end":{"line":31,"column":78}},{"start":{"line":31,"column":81},"end":{"line":31,"column":100}}],"line":31},"1":{"loc":{"start":{"line":34,"column":8},"end":{"line":36,"column":9}},"type":"if","locations":[{"start":{"line":34,"column":8},"end":{"line":36,"column":9}},{"start":{"line":34,"column":8},"end":{"line":36,"column":9}}],"line":34},"2":{"loc":{"start":{"line":71,"column":28},"end":{"line":76,"column":17}},"type":"if","locations":[{"start":{"line":71,"column":28},"end":{"line":76,"column":17}},{"start":{"line":71,"column":28},"end":{"line":76,"column":17}}],"line":71},"3":{"loc":{"start":{"line":87,"column":14},"end":{"line":87,"column":113}},"type":"cond-expr","locations":[{"start":{"line":87,"column":30},"end":{"line":87,"column":106}},{"start":{"line":87,"column":109},"end":{"line":87,"column":113}}],"line":87},"4":{"loc":{"start":{"line":88,"column":14},"end":{"line":88,"column":82}},"type":"cond-expr","locations":[{"start":{"line":88,"column":22},"end":{"line":88,"column":75}},{"start":{"line":88,"column":78},"end":{"line":88,"column":82}}],"line":88},"5":{"loc":{"start":{"line":176,"column":13},"end":{"line":186,"column":59}},"type":"cond-expr","locations":[{"start":{"line":176,"column":40},"end":{"line":186,"column":18}},{"start":{"line":186,"column":21},"end":{"line":186,"column":59}}],"line":176},"6":{"loc":{"start":{"line":176,"column":13},"end":{"line":176,"column":37}},"type":"binary-expr","locations":[{"start":{"line":176,"column":13},"end":{"line":176,"column":23}},{"start":{"line":176,"column":27},"end":{"line":176,"column":37}}],"line":176}},"s":{"0":0,"1":0,"2":0,"3":0,"4":0,"5":0,"6":0,"7":0,"8":0,"9":0,"10":0,"11":0,"12":0,"13":0,"14":0,"15":0,"16":0,"17":0,"18":0,"19":0,"20":0,"21":0,"22":0,"23":0,"24":0,"25":0,"26":0,"27":0,"28":0},"f":{"0":0,"1":0,"2":0,"3":0,"4":0,"5":0,"6":0,"7":0,"8":0,"9":0,"10":0,"11":0},"b":{"0":[0,0],"1":[0,0],"2":[0,0],"3":[0,0],"4":[0,0],"5":[0,0],"6":[0,0]}}
,"C:\\Users\\resta\\OneDrive\\Documents\\Projects\\los-girasoles-project\\client\\src\\components\\quienes\\quienes.component.jsx": {"path":"C:\\Users\\resta\\OneDrive\\Documents\\Projects\\los-girasoles-project\\client\\src\\components\\quienes\\quienes.component.jsx","statementMap":{"0":{"start":{"line":4,"column":16},"end":{"line":30,"column":1}},"1":{"start":{"line":5,"column":4},"end":{"line":29,"column":5}}},"fnMap":{"0":{"name":"(anonymous_0)","decl":{"start":{"line":4,"column":16},"end":{"line":4,"column":17}},"loc":{"start":{"line":4,"column":22},"end":{"line":30,"column":1}},"line":4}},"branchMap":{},"s":{"0":0,"1":0},"f":{"0":0},"b":{}}
,"C:\\Users\\resta\\OneDrive\\Documents\\Projects\\los-girasoles-project\\client\\src\\components\\register\\register.component.jsx": {"path":"C:\\Users\\resta\\OneDrive\\Documents\\Projects\\los-girasoles-project\\client\\src\\components\\register\\register.component.jsx","statementMap":{"0":{"start":{"line":6,"column":17},"end":{"line":184,"column":1}},"1":{"start":{"line":8,"column":29},"end":{"line":8,"column":52}},"2":{"start":{"line":10,"column":36},"end":{"line":21,"column":6}},"3":{"start":{"line":23,"column":30},"end":{"line":23,"column":44}},"4":{"start":{"line":35,"column":8},"end":{"line":35,"column":16}},"5":{"start":{"line":37,"column":25},"end":{"line":41,"column":7}},"6":{"start":{"line":38,"column":32},"end":{"line":38,"column":44}},"7":{"start":{"line":40,"column":8},"end":{"line":40,"column":52}},"8":{"start":{"line":43,"column":25},"end":{"line":77,"column":5}},"9":{"start":{"line":44,"column":8},"end":{"line":44,"column":31}},"10":{"start":{"line":46,"column":8},"end":{"line":49,"column":11}},"11":{"start":{"line":47,"column":12},"end":{"line":47,"column":48}},"12":{"start":{"line":48,"column":12},"end":{"line":48,"column":19}},"13":{"start":{"line":50,"column":8},"end":{"line":76,"column":9}},"14":{"start":{"line":51,"column":12},"end":{"line":73,"column":84}},"15":{"start":{"line":65,"column":32},"end":{"line":65,"column":47}},"16":{"start":{"line":67,"column":16},"end":{"line":72,"column":17}},"17":{"start":{"line":68,"column":20},"end":{"line":68,"column":38}},"18":{"start":{"line":69,"column":20},"end":{"line":69,"column":43}},"19":{"start":{"line":71,"column":20},"end":{"line":71,"column":40}},"20":{"start":{"line":73,"column":28},"end":{"line":73,"column":83}},"21":{"start":{"line":75,"column":12},"end":{"line":75,"column":28}},"22":{"start":{"line":79,"column":4},"end":{"line":183,"column":5}}},"fnMap":{"0":{"name":"(anonymous_0)","decl":{"start":{"line":6,"column":17},"end":{"line":6,"column":18}},"loc":{"start":{"line":6,"column":28},"end":{"line":184,"column":1}},"line":6},"1":{"name":"(anonymous_1)","decl":{"start":{"line":37,"column":25},"end":{"line":37,"column":26}},"loc":{"start":{"line":37,"column":34},"end":{"line":41,"column":7}},"line":37},"2":{"name":"(anonymous_2)","decl":{"start":{"line":43,"column":25},"end":{"line":43,"column":26}},"loc":{"start":{"line":43,"column":40},"end":{"line":77,"column":5}},"line":43},"3":{"name":"(anonymous_3)","decl":{"start":{"line":65,"column":18},"end":{"line":65,"column":19}},"loc":{"start":{"line":65,"column":32},"end":{"line":65,"column":47}},"line":65},"4":{"name":"(anonymous_4)","decl":{"start":{"line":66,"column":18},"end":{"line":66,"column":19}},"loc":{"start":{"line":66,"column":28},"end":{"line":72,"column":18}},"line":66},"5":{"name":"(anonymous_5)","decl":{"start":{"line":73,"column":19},"end":{"line":73,"column":20}},"loc":{"start":{"line":73,"column":28},"end":{"line":73,"column":83}},"line":73}},"branchMap":{"0":{"loc":{"start":{"line":46,"column":8},"end":{"line":49,"column":11}},"type":"if","locations":[{"start":{"line":46,"column":8},"end":{"line":49,"column":11}},{"start":{"line":46,"column":8},"end":{"line":49,"column":11}}],"line":46},"1":{"loc":{"start":{"line":67,"column":16},"end":{"line":72,"column":17}},"type":"if","locations":[{"start":{"line":67,"column":16},"end":{"line":72,"column":17}},{"start":{"line":67,"column":16},"end":{"line":72,"column":17}}],"line":67},"2":{"loc":{"start":{"line":83,"column":14},"end":{"line":83,"column":82}},"type":"cond-expr","locations":[{"start":{"line":83,"column":22},"end":{"line":83,"column":75}},{"start":{"line":83,"column":78},"end":{"line":83,"column":82}}],"line":83}},"s":{"0":0,"1":0,"2":0,"3":0,"4":0,"5":0,"6":0,"7":0,"8":0,"9":0,"10":0,"11":0,"12":0,"13":0,"14":0,"15":0,"16":0,"17":0,"18":0,"19":0,"20":0,"21":0,"22":0},"f":{"0":0,"1":0,"2":0,"3":0,"4":0,"5":0},"b":{"0":[0,0],"1":[0,0],"2":[0,0]}}
,"C:\\Users\\resta\\OneDrive\\Documents\\Projects\\los-girasoles-project\\client\\src\\components\\signin\\signin.component.jsx": {"path":"C:\\Users\\resta\\OneDrive\\Documents\\Projects\\los-girasoles-project\\client\\src\\components\\signin\\signin.component.jsx","statementMap":{"0":{"start":{"line":7,"column":15},"end":{"line":74,"column":1}},"1":{"start":{"line":9,"column":20},"end":{"line":9,"column":43}},"2":{"start":{"line":11,"column":47},"end":{"line":11,"column":84}},"3":{"start":{"line":12,"column":30},"end":{"line":12,"column":44}},"4":{"start":{"line":13,"column":32},"end":{"line":13,"column":47}},"5":{"start":{"line":15,"column":25},"end":{"line":19,"column":7}},"6":{"start":{"line":16,"column":32},"end":{"line":16,"column":44}},"7":{"start":{"line":18,"column":8},"end":{"line":18,"column":62}},"8":{"start":{"line":21,"column":25},"end":{"line":41,"column":5}},"9":{"start":{"line":22,"column":8},"end":{"line":22,"column":31}},"10":{"start":{"line":24,"column":8},"end":{"line":40,"column":38}},"11":{"start":{"line":31,"column":28},"end":{"line":31,"column":43}},"12":{"start":{"line":33,"column":12},"end":{"line":39,"column":13}},"13":{"start":{"line":34,"column":16},"end":{"line":34,"column":47}},"14":{"start":{"line":35,"column":16},"end":{"line":35,"column":68}},"15":{"start":{"line":36,"column":16},"end":{"line":36,"column":39}},"16":{"start":{"line":38,"column":13},"end":{"line":38,"column":32}},"17":{"start":{"line":40,"column":24},"end":{"line":40,"column":37}},"18":{"start":{"line":43,"column":4},"end":{"line":73,"column":5}}},"fnMap":{"0":{"name":"(anonymous_0)","decl":{"start":{"line":7,"column":15},"end":{"line":7,"column":16}},"loc":{"start":{"line":7,"column":26},"end":{"line":74,"column":1}},"line":7},"1":{"name":"(anonymous_1)","decl":{"start":{"line":15,"column":25},"end":{"line":15,"column":26}},"loc":{"start":{"line":15,"column":34},"end":{"line":19,"column":7}},"line":15},"2":{"name":"(anonymous_2)","decl":{"start":{"line":21,"column":25},"end":{"line":21,"column":26}},"loc":{"start":{"line":21,"column":40},"end":{"line":41,"column":5}},"line":21},"3":{"name":"(anonymous_3)","decl":{"start":{"line":31,"column":14},"end":{"line":31,"column":15}},"loc":{"start":{"line":31,"column":28},"end":{"line":31,"column":43}},"line":31},"4":{"name":"(anonymous_4)","decl":{"start":{"line":32,"column":14},"end":{"line":32,"column":15}},"loc":{"start":{"line":32,"column":23},"end":{"line":39,"column":14}},"line":32},"5":{"name":"(anonymous_5)","decl":{"start":{"line":40,"column":15},"end":{"line":40,"column":16}},"loc":{"start":{"line":40,"column":24},"end":{"line":40,"column":37}},"line":40}},"branchMap":{"0":{"loc":{"start":{"line":33,"column":12},"end":{"line":39,"column":13}},"type":"if","locations":[{"start":{"line":33,"column":12},"end":{"line":39,"column":13}},{"start":{"line":33,"column":12},"end":{"line":39,"column":13}}],"line":33},"1":{"loc":{"start":{"line":69,"column":14},"end":{"line":69,"column":82}},"type":"cond-expr","locations":[{"start":{"line":69,"column":22},"end":{"line":69,"column":75}},{"start":{"line":69,"column":78},"end":{"line":69,"column":82}}],"line":69}},"s":{"0":0,"1":0,"2":0,"3":0,"4":0,"5":0,"6":0,"7":0,"8":0,"9":0,"10":0,"11":0,"12":0,"13":0,"14":0,"15":0,"16":0,"17":0,"18":0},"f":{"0":0,"1":0,"2":0,"3":0,"4":0,"5":0},"b":{"0":[0,0],"1":[0,0]}}
,"C:\\Users\\resta\\OneDrive\\Documents\\Projects\\los-girasoles-project\\client\\src\\context\\cartContext\\cart.context.jsx": {"path":"C:\\Users\\resta\\OneDrive\\Documents\\Projects\\los-girasoles-project\\client\\src\\context\\cartContext\\cart.context.jsx","statementMap":{"0":{"start":{"line":5,"column":27},"end":{"line":15,"column":1}},"1":{"start":{"line":16,"column":18},"end":{"line":16,"column":69}},"2":{"start":{"line":18,"column":21},"end":{"line":63,"column":1}},"3":{"start":{"line":20,"column":38},"end":{"line":20,"column":57}},"4":{"start":{"line":21,"column":38},"end":{"line":21,"column":49}},"5":{"start":{"line":22,"column":48},"end":{"line":22,"column":59}},"6":{"start":{"line":25,"column":20},"end":{"line":27,"column":5}},"7":{"start":{"line":26,"column":8},"end":{"line":26,"column":52}},"8":{"start":{"line":29,"column":23},"end":{"line":31,"column":5}},"9":{"start":{"line":30,"column":8},"end":{"line":30,"column":57}},"10":{"start":{"line":33,"column":30},"end":{"line":35,"column":5}},"11":{"start":{"line":34,"column":8},"end":{"line":34,"column":62}},"12":{"start":{"line":37,"column":22},"end":{"line":42,"column":5}},"13":{"start":{"line":38,"column":8},"end":{"line":38,"column":25}},"14":{"start":{"line":39,"column":8},"end":{"line":39,"column":29}},"15":{"start":{"line":40,"column":8},"end":{"line":40,"column":24}},"16":{"start":{"line":41,"column":8},"end":{"line":41,"column":45}},"17":{"start":{"line":44,"column":4},"end":{"line":48,"column":22}},"18":{"start":{"line":45,"column":8},"end":{"line":45,"column":56}},"19":{"start":{"line":46,"column":8},"end":{"line":46,"column":46}},"20":{"start":{"line":47,"column":8},"end":{"line":47,"column":69}},"21":{"start":{"line":50,"column":4},"end":{"line":62,"column":5}}},"fnMap":{"0":{"name":"(anonymous_0)","decl":{"start":{"line":10,"column":13},"end":{"line":10,"column":14}},"loc":{"start":{"line":10,"column":19},"end":{"line":10,"column":21}},"line":10},"1":{"name":"(anonymous_1)","decl":{"start":{"line":11,"column":16},"end":{"line":11,"column":17}},"loc":{"start":{"line":11,"column":22},"end":{"line":11,"column":24}},"line":11},"2":{"name":"(anonymous_2)","decl":{"start":{"line":12,"column":23},"end":{"line":12,"column":24}},"loc":{"start":{"line":12,"column":29},"end":{"line":12,"column":31}},"line":12},"3":{"name":"(anonymous_3)","decl":{"start":{"line":13,"column":15},"end":{"line":13,"column":16}},"loc":{"start":{"line":13,"column":21},"end":{"line":13,"column":23}},"line":13},"4":{"name":"(anonymous_4)","decl":{"start":{"line":18,"column":21},"end":{"line":18,"column":22}},"loc":{"start":{"line":18,"column":39},"end":{"line":63,"column":1}},"line":18},"5":{"name":"(anonymous_5)","decl":{"start":{"line":25,"column":20},"end":{"line":25,"column":21}},"loc":{"start":{"line":25,"column":30},"end":{"line":27,"column":5}},"line":25},"6":{"name":"(anonymous_6)","decl":{"start":{"line":29,"column":23},"end":{"line":29,"column":24}},"loc":{"start":{"line":29,"column":33},"end":{"line":31,"column":5}},"line":29},"7":{"name":"(anonymous_7)","decl":{"start":{"line":33,"column":30},"end":{"line":33,"column":31}},"loc":{"start":{"line":33,"column":40},"end":{"line":35,"column":5}},"line":33},"8":{"name":"(anonymous_8)","decl":{"start":{"line":37,"column":22},"end":{"line":37,"column":23}},"loc":{"start":{"line":37,"column":28},"end":{"line":42,"column":5}},"line":37},"9":{"name":"(anonymous_9)","decl":{"start":{"line":44,"column":14},"end":{"line":44,"column":15}},"loc":{"start":{"line":44,"column":20},"end":{"line":48,"column":7}},"line":44}},"branchMap":{"0":{"loc":{"start":{"line":16,"column":18},"end":{"line":16,"column":69}},"type":"binary-expr","locations":[{"start":{"line":16,"column":18},"end":{"line":16,"column":63}},{"start":{"line":16,"column":67},"end":{"line":16,"column":69}}],"line":16}},"s":{"0":1,"1":1,"2":1,"3":0,"4":0,"5":0,"6":0,"7":0,"8":0,"9":0,"10":0,"11":0,"12":0,"13":0,"14":0,"15":0,"16":0,"17":0,"18":0,"19":0,"20":0,"21":0},"f":{"0":0,"1":0,"2":0,"3":0,"4":0,"5":0,"6":0,"7":0,"8":0,"9":0},"b":{"0":[1,1]},"_coverageSchema":"1a1c01bbd47fc00a2c39e90264f33305004495a9","hash":"68a7823fa6d0ec6030a18b55e9e63f2b3bd7174c"}
}
